1746172051.949556 client started (22589): version 3.5a, socket /tmp/tmux-1000/default, protocol 8
1746172051.949578 on Linux 6.14.4-arch1-2 #1 SMP PREEMPT_DYNAMIC Tue, 29 Apr 2025 09:23:13 +0000
1746172051.949580 using libevent 2.1.12-stable poll
1746172051.949582 using ncurses 6.5 20240427
1746172051.949592 flags are 0x10010000
1746172051.949600 socket is /tmp/tmux-1000/default
1746172051.949609 trying connect
1746172051.949653 add peer 0x58b64eaad5f0: 6 ((nil))
1746172051.949898 sending message 111 to peer 0x58b64eaad5f0 (8 bytes)
1746172051.949901 sending message 111 to peer 0x58b64eaad5f0 (8 bytes)
1746172051.949903 sending message 101 to peer 0x58b64eaad5f0 (14 bytes)
1746172051.949905 sending message 109 to peer 0x58b64eaad5f0 (4 bytes)
1746172051.949907 sending message 102 to peer 0x58b64eaad5f0 (11 bytes)
1746172051.949909 sending message 108 to peer 0x58b64eaad5f0 (36 bytes)
1746172051.949910 sending message 112 to peer 0x58b64eaad5f0 (70 bytes)
1746172051.949912 sending message 112 to peer 0x58b64eaad5f0 (5 bytes)
1746172051.949914 sending message 112 to peer 0x58b64eaad5f0 (5 bytes)
1746172051.949916 sending message 112 to peer 0x58b64eaad5f0 (6 bytes)
1746172051.949917 sending message 112 to peer 0x58b64eaad5f0 (6 bytes)
1746172051.949919 sending message 112 to peer 0x58b64eaad5f0 (11 bytes)
1746172051.949920 sending message 112 to peer 0x58b64eaad5f0 (10 bytes)
1746172051.949922 sending message 112 to peer 0x58b64eaad5f0 (13 bytes)
1746172051.949924 sending message 112 to peer 0x58b64eaad5f0 (13 bytes)
1746172051.949925 sending message 112 to peer 0x58b64eaad5f0 (18 bytes)
1746172051.949927 sending message 112 to peer 0x58b64eaad5f0 (11 bytes)
1746172051.949929 sending message 112 to peer 0x58b64eaad5f0 (10 bytes)
1746172051.949930 sending message 112 to peer 0x58b64eaad5f0 (15 bytes)
1746172051.949932 sending message 112 to peer 0x58b64eaad5f0 (21 bytes)
1746172051.949934 sending message 112 to peer 0x58b64eaad5f0 (13 bytes)
1746172051.949935 sending message 112 to peer 0x58b64eaad5f0 (7 bytes)
1746172051.949937 sending message 112 to peer 0x58b64eaad5f0 (13 bytes)
1746172051.949938 sending message 112 to peer 0x58b64eaad5f0 (7 bytes)
1746172051.949940 sending message 112 to peer 0x58b64eaad5f0 (13 bytes)
1746172051.949942 sending message 112 to peer 0x58b64eaad5f0 (9 bytes)
1746172051.949943 sending message 112 to peer 0x58b64eaad5f0 (21 bytes)
1746172051.949945 sending message 112 to peer 0x58b64eaad5f0 (13 bytes)
1746172051.949947 sending message 112 to peer 0x58b64eaad5f0 (8 bytes)
1746172051.949948 sending message 112 to peer 0x58b64eaad5f0 (12 bytes)
1746172051.949950 sending message 112 to peer 0x58b64eaad5f0 (13 bytes)
1746172051.949951 sending message 112 to peer 0x58b64eaad5f0 (9 bytes)
1746172051.949953 sending message 112 to peer 0x58b64eaad5f0 (9 bytes)
1746172051.949955 sending message 112 to peer 0x58b64eaad5f0 (12 bytes)
1746172051.949956 sending message 112 to peer 0x58b64eaad5f0 (8 bytes)
1746172051.949958 sending message 112 to peer 0x58b64eaad5f0 (8 bytes)
1746172051.949959 sending message 112 to peer 0x58b64eaad5f0 (7 bytes)
1746172051.949961 sending message 112 to peer 0x58b64eaad5f0 (7 bytes)
1746172051.949963 sending message 112 to peer 0x58b64eaad5f0 (9 bytes)
1746172051.949964 sending message 112 to peer 0x58b64eaad5f0 (13 bytes)
1746172051.949966 sending message 112 to peer 0x58b64eaad5f0 (6 bytes)
1746172051.949967 sending message 112 to peer 0x58b64eaad5f0 (9 bytes)
1746172051.949969 sending message 112 to peer 0x58b64eaad5f0 (15 bytes)
1746172051.949971 sending message 112 to peer 0x58b64eaad5f0 (13 bytes)
1746172051.949972 sending message 112 to peer 0x58b64eaad5f0 (12 bytes)
1746172051.949974 sending message 112 to peer 0x58b64eaad5f0 (8 bytes)
1746172051.949976 sending message 112 to peer 0x58b64eaad5f0 (14 bytes)
1746172051.949977 sending message 112 to peer 0x58b64eaad5f0 (11 bytes)
1746172051.949979 sending message 112 to peer 0x58b64eaad5f0 (9 bytes)
1746172051.949980 sending message 112 to peer 0x58b64eaad5f0 (10 bytes)
1746172051.949982 sending message 112 to peer 0x58b64eaad5f0 (10 bytes)
1746172051.949993 sending message 112 to peer 0x58b64eaad5f0 (10 bytes)
1746172051.949995 sending message 112 to peer 0x58b64eaad5f0 (10 bytes)
1746172051.949997 sending message 112 to peer 0x58b64eaad5f0 (11 bytes)
1746172051.949999 sending message 112 to peer 0x58b64eaad5f0 (12 bytes)
1746172051.950001 sending message 112 to peer 0x58b64eaad5f0 (12 bytes)
1746172051.950002 sending message 112 to peer 0x58b64eaad5f0 (12 bytes)
1746172051.950004 sending message 112 to peer 0x58b64eaad5f0 (12 bytes)
1746172051.950006 sending message 112 to peer 0x58b64eaad5f0 (12 bytes)
1746172051.950007 sending message 112 to peer 0x58b64eaad5f0 (11 bytes)
1746172051.950009 sending message 112 to peer 0x58b64eaad5f0 (11 bytes)
1746172051.950010 sending message 112 to peer 0x58b64eaad5f0 (12 bytes)
1746172051.950012 sending message 112 to peer 0x58b64eaad5f0 (12 bytes)
1746172051.950014 sending message 112 to peer 0x58b64eaad5f0 (12 bytes)
1746172051.950015 sending message 112 to peer 0x58b64eaad5f0 (12 bytes)
1746172051.950017 sending message 112 to peer 0x58b64eaad5f0 (12 bytes)
1746172051.950018 sending message 112 to peer 0x58b64eaad5f0 (10 bytes)
1746172051.950020 sending message 112 to peer 0x58b64eaad5f0 (12 bytes)
1746172051.950022 sending message 112 to peer 0x58b64eaad5f0 (13 bytes)
1746172051.950023 sending message 112 to peer 0x58b64eaad5f0 (13 bytes)
1746172051.950025 sending message 112 to peer 0x58b64eaad5f0 (13 bytes)
1746172051.950026 sending message 112 to peer 0x58b64eaad5f0 (13 bytes)
1746172051.950028 sending message 112 to peer 0x58b64eaad5f0 (13 bytes)
1746172051.950030 sending message 112 to peer 0x58b64eaad5f0 (8 bytes)
1746172051.950031 sending message 112 to peer 0x58b64eaad5f0 (11 bytes)
1746172051.950033 sending message 112 to peer 0x58b64eaad5f0 (11 bytes)
1746172051.950035 sending message 112 to peer 0x58b64eaad5f0 (11 bytes)
1746172051.950036 sending message 112 to peer 0x58b64eaad5f0 (12 bytes)
1746172051.950038 sending message 112 to peer 0x58b64eaad5f0 (12 bytes)
1746172051.950040 sending message 112 to peer 0x58b64eaad5f0 (12 bytes)
1746172051.950041 sending message 112 to peer 0x58b64eaad5f0 (12 bytes)
1746172051.950043 sending message 112 to peer 0x58b64eaad5f0 (13 bytes)
1746172051.950044 sending message 112 to peer 0x58b64eaad5f0 (13 bytes)
1746172051.950046 sending message 112 to peer 0x58b64eaad5f0 (13 bytes)
1746172051.950048 sending message 112 to peer 0x58b64eaad5f0 (8 bytes)
1746172051.950049 sending message 112 to peer 0x58b64eaad5f0 (13 bytes)
1746172051.950051 sending message 112 to peer 0x58b64eaad5f0 (13 bytes)
1746172051.950052 sending message 112 to peer 0x58b64eaad5f0 (13 bytes)
1746172051.950054 sending message 112 to peer 0x58b64eaad5f0 (13 bytes)
1746172051.950056 sending message 112 to peer 0x58b64eaad5f0 (13 bytes)
1746172051.950057 sending message 112 to peer 0x58b64eaad5f0 (12 bytes)
1746172051.950059 sending message 112 to peer 0x58b64eaad5f0 (12 bytes)
1746172051.950060 sending message 112 to peer 0x58b64eaad5f0 (12 bytes)
1746172051.950062 sending message 112 to peer 0x58b64eaad5f0 (12 bytes)
1746172051.950064 sending message 112 to peer 0x58b64eaad5f0 (13 bytes)
1746172051.950065 sending message 112 to peer 0x58b64eaad5f0 (8 bytes)
1746172051.950067 sending message 112 to peer 0x58b64eaad5f0 (13 bytes)
1746172051.950068 sending message 112 to peer 0x58b64eaad5f0 (13 bytes)
1746172051.950070 sending message 112 to peer 0x58b64eaad5f0 (13 bytes)
1746172051.950072 sending message 112 to peer 0x58b64eaad5f0 (13 bytes)
1746172051.950073 sending message 112 to peer 0x58b64eaad5f0 (13 bytes)
1746172051.950075 sending message 112 to peer 0x58b64eaad5f0 (13 bytes)
1746172051.950076 sending message 112 to peer 0x58b64eaad5f0 (13 bytes)
1746172051.950078 sending message 112 to peer 0x58b64eaad5f0 (12 bytes)
1746172051.950080 sending message 112 to peer 0x58b64eaad5f0 (12 bytes)
1746172051.950081 sending message 112 to peer 0x58b64eaad5f0 (12 bytes)
1746172051.950083 sending message 112 to peer 0x58b64eaad5f0 (8 bytes)
1746172051.950084 sending message 112 to peer 0x58b64eaad5f0 (12 bytes)
1746172051.950090 sending message 112 to peer 0x58b64eaad5f0 (13 bytes)
1746172051.950092 sending message 112 to peer 0x58b64eaad5f0 (13 bytes)
1746172051.950094 sending message 112 to peer 0x58b64eaad5f0 (13 bytes)
1746172051.950095 sending message 112 to peer 0x58b64eaad5f0 (13 bytes)
1746172051.950097 sending message 112 to peer 0x58b64eaad5f0 (13 bytes)
1746172051.950099 sending message 112 to peer 0x58b64eaad5f0 (13 bytes)
1746172051.950100 sending message 112 to peer 0x58b64eaad5f0 (13 bytes)
1746172051.950102 sending message 112 to peer 0x58b64eaad5f0 (13 bytes)
1746172051.950103 sending message 112 to peer 0x58b64eaad5f0 (12 bytes)
1746172051.950105 sending message 112 to peer 0x58b64eaad5f0 (10 bytes)
1746172051.950107 sending message 112 to peer 0x58b64eaad5f0 (12 bytes)
1746172051.950108 sending message 112 to peer 0x58b64eaad5f0 (12 bytes)
1746172051.950110 sending message 112 to peer 0x58b64eaad5f0 (12 bytes)
1746172051.950112 sending message 112 to peer 0x58b64eaad5f0 (13 bytes)
1746172051.950113 sending message 112 to peer 0x58b64eaad5f0 (13 bytes)
1746172051.950115 sending message 112 to peer 0x58b64eaad5f0 (13 bytes)
1746172051.950117 sending message 112 to peer 0x58b64eaad5f0 (13 bytes)
1746172051.950118 sending message 112 to peer 0x58b64eaad5f0 (13 bytes)
1746172051.950120 sending message 112 to peer 0x58b64eaad5f0 (13 bytes)
1746172051.950121 sending message 112 to peer 0x58b64eaad5f0 (13 bytes)
1746172051.950123 sending message 112 to peer 0x58b64eaad5f0 (10 bytes)
1746172051.950125 sending message 112 to peer 0x58b64eaad5f0 (13 bytes)
1746172051.950126 sending message 112 to peer 0x58b64eaad5f0 (12 bytes)
1746172051.950128 sending message 112 to peer 0x58b64eaad5f0 (12 bytes)
1746172051.950129 sending message 112 to peer 0x58b64eaad5f0 (12 bytes)
1746172051.950131 sending message 112 to peer 0x58b64eaad5f0 (10 bytes)
1746172051.950133 sending message 112 to peer 0x58b64eaad5f0 (10 bytes)
1746172051.950134 sending message 112 to peer 0x58b64eaad5f0 (10 bytes)
1746172051.950136 sending message 112 to peer 0x58b64eaad5f0 (12 bytes)
1746172051.950137 sending message 112 to peer 0x58b64eaad5f0 (13 bytes)
1746172051.950139 sending message 112 to peer 0x58b64eaad5f0 (13 bytes)
1746172051.950141 sending message 112 to peer 0x58b64eaad5f0 (13 bytes)
1746172051.950142 sending message 112 to peer 0x58b64eaad5f0 (13 bytes)
1746172051.950144 sending message 112 to peer 0x58b64eaad5f0 (13 bytes)
1746172051.950146 sending message 112 to peer 0x58b64eaad5f0 (11 bytes)
1746172051.950147 sending message 112 to peer 0x58b64eaad5f0 (11 bytes)
1746172051.950149 sending message 112 to peer 0x58b64eaad5f0 (12 bytes)
1746172051.950150 sending message 112 to peer 0x58b64eaad5f0 (12 bytes)
1746172051.950152 sending message 112 to peer 0x58b64eaad5f0 (12 bytes)
1746172051.950154 sending message 112 to peer 0x58b64eaad5f0 (12 bytes)
1746172051.950155 sending message 112 to peer 0x58b64eaad5f0 (12 bytes)
1746172051.950157 sending message 112 to peer 0x58b64eaad5f0 (11 bytes)
1746172051.950158 sending message 112 to peer 0x58b64eaad5f0 (12 bytes)
1746172051.950160 sending message 112 to peer 0x58b64eaad5f0 (12 bytes)
1746172051.950162 sending message 112 to peer 0x58b64eaad5f0 (13 bytes)
1746172051.950163 sending message 112 to peer 0x58b64eaad5f0 (13 bytes)
1746172051.950165 sending message 112 to peer 0x58b64eaad5f0 (13 bytes)
1746172051.950166 sending message 112 to peer 0x58b64eaad5f0 (13 bytes)
1746172051.950168 sending message 112 to peer 0x58b64eaad5f0 (13 bytes)
1746172051.950170 sending message 112 to peer 0x58b64eaad5f0 (10 bytes)
1746172051.950171 sending message 112 to peer 0x58b64eaad5f0 (9 bytes)
1746172051.950173 sending message 112 to peer 0x58b64eaad5f0 (12 bytes)
1746172051.950175 sending message 112 to peer 0x58b64eaad5f0 (13 bytes)
1746172051.950176 sending message 112 to peer 0x58b64eaad5f0 (13 bytes)
1746172051.950178 sending message 112 to peer 0x58b64eaad5f0 (13 bytes)
1746172051.950179 sending message 112 to peer 0x58b64eaad5f0 (13 bytes)
1746172051.950181 sending message 112 to peer 0x58b64eaad5f0 (13 bytes)
1746172051.950185 sending message 112 to peer 0x58b64eaad5f0 (9 bytes)
1746172051.950187 sending message 112 to peer 0x58b64eaad5f0 (12 bytes)
1746172051.950189 sending message 112 to peer 0x58b64eaad5f0 (13 bytes)
1746172051.950190 sending message 112 to peer 0x58b64eaad5f0 (13 bytes)
1746172051.950192 sending message 112 to peer 0x58b64eaad5f0 (13 bytes)
1746172051.950193 sending message 112 to peer 0x58b64eaad5f0 (13 bytes)
1746172051.950195 sending message 112 to peer 0x58b64eaad5f0 (13 bytes)
1746172051.950197 sending message 112 to peer 0x58b64eaad5f0 (11 bytes)
1746172051.950198 sending message 112 to peer 0x58b64eaad5f0 (12 bytes)
1746172051.950200 sending message 112 to peer 0x58b64eaad5f0 (13 bytes)
1746172051.950202 sending message 112 to peer 0x58b64eaad5f0 (13 bytes)
1746172051.950203 sending message 112 to peer 0x58b64eaad5f0 (13 bytes)
1746172051.950205 sending message 112 to peer 0x58b64eaad5f0 (13 bytes)
1746172051.950206 sending message 112 to peer 0x58b64eaad5f0 (13 bytes)
1746172051.950208 sending message 112 to peer 0x58b64eaad5f0 (11 bytes)
1746172051.950210 sending message 112 to peer 0x58b64eaad5f0 (12 bytes)
1746172051.950211 sending message 112 to peer 0x58b64eaad5f0 (12 bytes)
1746172051.950213 sending message 112 to peer 0x58b64eaad5f0 (12 bytes)
1746172051.950215 sending message 112 to peer 0x58b64eaad5f0 (12 bytes)
1746172051.950216 sending message 112 to peer 0x58b64eaad5f0 (12 bytes)
1746172051.950218 sending message 112 to peer 0x58b64eaad5f0 (21 bytes)
1746172051.950219 sending message 112 to peer 0x58b64eaad5f0 (12 bytes)
1746172051.950221 sending message 112 to peer 0x58b64eaad5f0 (9 bytes)
1746172051.950223 sending message 112 to peer 0x58b64eaad5f0 (6 bytes)
1746172051.950224 sending message 112 to peer 0x58b64eaad5f0 (13 bytes)
1746172051.950232 sending message 112 to peer 0x58b64eaad5f0 (8 bytes)
1746172051.950236 sending message 112 to peer 0x58b64eaad5f0 (15 bytes)
1746172051.950238 sending message 112 to peer 0x58b64eaad5f0 (13 bytes)
1746172051.950240 sending message 112 to peer 0x58b64eaad5f0 (9 bytes)
1746172051.950241 sending message 112 to peer 0x58b64eaad5f0 (70 bytes)
1746172051.950243 sending message 112 to peer 0x58b64eaad5f0 (69 bytes)
1746172051.950245 sending message 112 to peer 0x58b64eaad5f0 (10 bytes)
1746172051.950246 sending message 112 to peer 0x58b64eaad5f0 (10 bytes)
1746172051.950248 sending message 112 to peer 0x58b64eaad5f0 (8 bytes)
1746172051.950250 sending message 112 to peer 0x58b64eaad5f0 (15 bytes)
1746172051.950251 sending message 112 to peer 0x58b64eaad5f0 (13 bytes)
1746172051.950253 sending message 112 to peer 0x58b64eaad5f0 (10 bytes)
1746172051.950255 sending message 112 to peer 0x58b64eaad5f0 (10 bytes)
1746172051.950256 sending message 112 to peer 0x58b64eaad5f0 (17 bytes)
1746172051.950258 sending message 112 to peer 0x58b64eaad5f0 (10 bytes)
1746172051.950260 sending message 112 to peer 0x58b64eaad5f0 (13 bytes)
1746172051.950261 sending message 112 to peer 0x58b64eaad5f0 (9 bytes)
1746172051.950263 sending message 112 to peer 0x58b64eaad5f0 (5 bytes)
1746172051.950265 sending message 112 to peer 0x58b64eaad5f0 (15 bytes)
1746172051.950267 sending message 104 to peer 0x58b64eaad5f0 (0 bytes)
1746172051.950269 sending message 110 to peer 0x58b64eaad5f0 (0 bytes)
1746172051.950271 sending message 107 to peer 0x58b64eaad5f0 (4 bytes)
1746172051.950273 sending message 105 to peer 0x58b64eaad5f0 (20 bytes)
1746172051.950274 sending message 105 to peer 0x58b64eaad5f0 (54 bytes)
1746172051.950276 sending message 105 to peer 0x58b64eaad5f0 (50 bytes)
1746172051.950278 sending message 105 to peer 0x58b64eaad5f0 (11 bytes)
1746172051.950279 sending message 105 to peer 0x58b64eaad5f0 (35 bytes)
1746172051.950281 sending message 105 to peer 0x58b64eaad5f0 (25 bytes)
1746172051.950283 sending message 105 to peer 0x58b64eaad5f0 (41 bytes)
1746172051.950284 sending message 105 to peer 0x58b64eaad5f0 (36 bytes)
1746172051.950286 sending message 105 to peer 0x58b64eaad5f0 (23 bytes)
1746172051.950288 sending message 105 to peer 0x58b64eaad5f0 (18 bytes)
1746172051.950292 sending message 105 to peer 0x58b64eaad5f0 (19 bytes)
1746172051.950294 sending message 105 to peer 0x58b64eaad5f0 (22 bytes)
1746172051.950296 sending message 105 to peer 0x58b64eaad5f0 (91 bytes)
1746172051.950298 sending message 105 to peer 0x58b64eaad5f0 (17 bytes)
1746172051.950299 sending message 105 to peer 0x58b64eaad5f0 (15 bytes)
1746172051.950301 sending message 105 to peer 0x58b64eaad5f0 (32 bytes)
1746172051.950303 sending message 105 to peer 0x58b64eaad5f0 (1917 bytes)
1746172051.950312 sending message 105 to peer 0x58b64eaad5f0 (28 bytes)
1746172051.950313 sending message 105 to peer 0x58b64eaad5f0 (15 bytes)
1746172051.950315 sending message 105 to peer 0x58b64eaad5f0 (21 bytes)
1746172051.950317 sending message 105 to peer 0x58b64eaad5f0 (43 bytes)
1746172051.950319 sending message 105 to peer 0x58b64eaad5f0 (11 bytes)
1746172051.950320 sending message 105 to peer 0x58b64eaad5f0 (217 bytes)
1746172051.950322 sending message 105 to peer 0x58b64eaad5f0 (40 bytes)
1746172051.950324 sending message 105 to peer 0x58b64eaad5f0 (27 bytes)
1746172051.950325 sending message 105 to peer 0x58b64eaad5f0 (19 bytes)
1746172051.950327 sending message 105 to peer 0x58b64eaad5f0 (8 bytes)
1746172051.950329 sending message 105 to peer 0x58b64eaad5f0 (21 bytes)
1746172051.950330 sending message 105 to peer 0x58b64eaad5f0 (38 bytes)
1746172051.950332 sending message 105 to peer 0x58b64eaad5f0 (19 bytes)
1746172051.950334 sending message 105 to peer 0x58b64eaad5f0 (29 bytes)
1746172051.950335 sending message 105 to peer 0x58b64eaad5f0 (18 bytes)
1746172051.950337 sending message 105 to peer 0x58b64eaad5f0 (26 bytes)
1746172051.950339 sending message 105 to peer 0x58b64eaad5f0 (35 bytes)
1746172051.950340 sending message 105 to peer 0x58b64eaad5f0 (13 bytes)
1746172051.950342 sending message 105 to peer 0x58b64eaad5f0 (53 bytes)
1746172051.950344 sending message 105 to peer 0x58b64eaad5f0 (12 bytes)
1746172051.950346 sending message 105 to peer 0x58b64eaad5f0 (26 bytes)
1746172051.950347 sending message 105 to peer 0x58b64eaad5f0 (16 bytes)
1746172051.950349 sending message 105 to peer 0x58b64eaad5f0 (20 bytes)
1746172051.950351 sending message 105 to peer 0x58b64eaad5f0 (37 bytes)
1746172051.950353 sending message 105 to peer 0x58b64eaad5f0 (29 bytes)
1746172051.950354 sending message 105 to peer 0x58b64eaad5f0 (31 bytes)
1746172051.950356 sending message 105 to peer 0x58b64eaad5f0 (15 bytes)
1746172051.950358 sending message 105 to peer 0x58b64eaad5f0 (23 bytes)
1746172051.950359 sending message 105 to peer 0x58b64eaad5f0 (17 bytes)
1746172051.950361 sending message 105 to peer 0x58b64eaad5f0 (25 bytes)
1746172051.950363 sending message 105 to peer 0x58b64eaad5f0 (11 bytes)
1746172051.950364 sending message 105 to peer 0x58b64eaad5f0 (28 bytes)
1746172051.950366 sending message 105 to peer 0x58b64eaad5f0 (12 bytes)
1746172051.950368 sending message 105 to peer 0x58b64eaad5f0 (30 bytes)
1746172051.950369 sending message 106 to peer 0x58b64eaad5f0 (0 bytes)
1746172051.950404 sending message 200 to peer 0x58b64eaad5f0 (4 bytes)
1746172051.950406 client loop enter
1746172051.950977 peer 0x58b64eaad5f0 message 303
1746172051.950982 open write file 2 -
1746172051.950987 sending message 305 to peer 0x58b64eaad5f0 (8 bytes)
1746172051.950997 write check file 2
1746172051.951061 peer 0x58b64eaad5f0 message 304
1746172051.951063 write 58 to file 2
1746172051.951066 peer 0x58b64eaad5f0 message 203
1746172051.951068 file 2 58 bytes left
1746172051.951079 write check file 2
1746172051.951081 client loop exit
